<?xml version="1.0" encoding="UTF-8"?>
<!-- Generated by org.testng.reporters.JUnitReportReporter -->
<testsuite hostname="DESKTOP-SAQHFHE" failures="0" tests="1" name="automationFramework.SecondTestCase" time="0.041" errors="0" timestamp="2023-02-12T08:36:39 IST" skipped="0">
  <testcase classname="automationFramework.SecondTestCase" name="dropDown" time="0.041"/>
  <system-out/>
</testsuite> <!-- automationFramework.SecondTestCase -->
