<?xml version="1.0" encoding="UTF-8"?>
<!-- Generated by org.testng.reporters.JUnitReportReporter -->
<testsuite hostname="DESKTOP-SAQHFHE" failures="0" tests="4" name="day7.Authentications" time="7.190" errors="0" timestamp="2023-02-25T12:33:10 IST" skipped="0">
  <testcase classname="day7.Authentications" name="testBasicAuthentications" time="4.237"/>
  <system-out/>
  <testcase classname="day7.Authentications" name="testDiggestAuthentications" time="1.335"/>
  <system-out/>
  <testcase classname="day7.Authentications" name="testPreemptiveAuthentications" time="1.174"/>
  <system-out/>
  <testcase classname="day7.Authentications" name="testBarrerAuth" time="0.444"/>
  <system-out/>
</testsuite> <!-- day7.Authentications -->
