<?xml version="1.0" encoding="UTF-8"?>
<!-- Generated by org.testng.reporters.JUnitReportReporter -->
<testsuite hostname="DESKTOP-SAQHFHE" failures="0" tests="1" name="com.testNGRA.Day1" time="2.615" errors="0" timestamp="2023-03-15T19:57:27 IST" skipped="0">
  <testcase classname="com.testNGRA.Day1" name="getWeatherDetails" time="2.615"/>
  <system-out/>
</testsuite> <!-- com.testNGRA.Day1 -->
