<?xml version="1.0" encoding="UTF-8"?>
<!-- Generated by org.testng.reporters.JUnitReportReporter -->
<testsuite hostname="DESKTOP-SAQHFHE" failures="0" tests="1" name="RestAPI.RestAssured.QueryParam" time="2.806" errors="0" timestamp="2023-02-17T14:00:04 IST" skipped="0">
  <testcase classname="RestAPI.RestAssured.QueryParam" name="UserRegistrationSuccessful" time="2.806"/>
  <system-out/>
</testsuite> <!-- RestAPI.RestAssured.QueryParam -->
