<?xml version="1.0" encoding="UTF-8"?>
<!-- Generated by org.testng.reporters.JUnitReportReporter -->
<testsuite hostname="DESKTOP-SAQHFHE" failures="0" tests="1" name="RestAPI.RestAssured.RestAssuredTestResponse" time="2.679" errors="0" timestamp="2023-02-16T19:51:36 IST" skipped="0">
  <testcase classname="RestAPI.RestAssured.RestAssuredTestResponse" name="GetBookHeaders" time="2.679"/>
  <system-out/>
</testsuite> <!-- RestAPI.RestAssured.RestAssuredTestResponse -->
