<?xml version="1.0" encoding="UTF-8"?>
<!-- Generated by org.testng.reporters.JUnitReportReporter -->
<testsuite hostname="DESKTOP-SAQHFHE" failures="0" tests="1" name="RestAPI.RestAssured.RestAssuredAPITest" time="2.802" errors="0" timestamp="2023-02-16T19:53:29 IST" skipped="0">
  <testcase classname="RestAPI.RestAssured.RestAssuredAPITest" name="getBookDetails" time="2.802"/>
  <system-out/>
</testsuite> <!-- RestAPI.RestAssured.RestAssuredAPITest -->
