<?xml version="1.0" encoding="UTF-8"?>
<!-- Generated by org.testng.reporters.JUnitReportReporter -->
<testsuite hostname="DESKTOP-SAQHFHE" failures="0" tests="4" name="day1.HttpRequest" time="5.080" errors="0" timestamp="2023-02-22T21:15:03 IST" skipped="0">
  <testcase classname="day1.HttpRequest" name="getUser" time="3.190"/>
  <system-out/>
  <testcase classname="day1.HttpRequest" name="createUser" time="0.844"/>
  <system-out/>
  <testcase classname="day1.HttpRequest" name="updateUser" time="0.503"/>
  <system-out/>
  <testcase classname="day1.HttpRequest" name="deleteUser" time="0.543"/>
  <system-out/>
</testsuite> <!-- day1.HttpRequest -->
