<?xml version="1.0" encoding="UTF-8"?>
<!-- Generated by org.testng.reporters.JUnitReportReporter -->
<testsuite hostname="DESKTOP-SAQHFHE" failures="0" tests="1" name="day5.ParsingXMLResponse" time="3.141" errors="0" timestamp="2023-02-24T16:08:20 IST" skipped="0">
  <testcase classname="day5.ParsingXMLResponse" name="testXMLResponseBody" time="3.141"/>
  <system-out/>
</testsuite> <!-- day5.ParsingXMLResponse -->
