<?xml version="1.0" encoding="UTF-8"?>
<!-- Generated by org.testng.reporters.JUnitReportReporter -->
<testsuite hostname="DESKTOP-SAQHFHE" failures="0" tests="5" name="com.employeebase.testcase.TC001_Get_Call" time="0.041" errors="0" timestamp="2023-03-16T21:55:28 IST" skipped="0">
  <testcase classname="com.employeebase.testcase.TC001_Get_Call" name="checkResponseBody" time="0.026"/>
  <system-out/>
  <testcase classname="com.employeebase.testcase.TC001_Get_Call" name="checkStatusLine" time="0.002"/>
  <system-out/>
  <testcase classname="com.employeebase.testcase.TC001_Get_Call" name="checkContentType" time="0.008"/>
  <system-out/>
  <testcase classname="com.employeebase.testcase.TC001_Get_Call" name="checkResponseTime" time="0.003"/>
  <system-out/>
  <testcase classname="com.employeebase.testcase.TC001_Get_Call" name="checkStatusCode" time="0.002"/>
  <system-out/>
</testsuite> <!-- com.employeebase.testcase.TC001_Get_Call -->
