<?xml version="1.0" encoding="UTF-8"?>
<!-- Generated by org.testng.reporters.JUnitReportReporter -->
<testsuite hostname="DESKTOP-SAQHFHE" failures="0" tests="2" name="com.testNGRA.TC_002_POST_Request" time="2.534" errors="0" timestamp="2023-03-24T15:01:43 IST" skipped="0">
  <testcase classname="com.testNGRA.TC_002_POST_Request" name="responseBody" time="2.525"/>
  <system-out/>
  <testcase classname="com.testNGRA.TC_002_POST_Request" name="contentType" time="0.009"/>
  <system-out/>
</testsuite> <!-- com.testNGRA.TC_002_POST_Request -->
