<?xml version="1.0" encoding="UTF-8"?>
<!-- Generated by org.testng.reporters.JUnitReportReporter -->
<testsuite hostname="DESKTOP-SAQHFHE" failures="0" tests="1" name="com.dataDriven.DataDrivenTest_AddNewEmp" time="5.192" errors="0" timestamp="2023-03-16T16:53:13 IST" skipped="0">
  <testcase classname="com.dataDriven.DataDrivenTest_AddNewEmp" name="postNewEmployee" time="5.192"/>
  <system-out/>
</testsuite> <!-- com.dataDriven.DataDrivenTest_AddNewEmp -->
