<?xml version="1.0" encoding="UTF-8"?>
<!-- Generated by org.testng.reporters.JUnitReportReporter -->
<testsuite hostname="DESKTOP-SAQHFHE" failures="0" tests="1" name="day6.JSONSchemaValidation" time="2.696" errors="0" timestamp="2023-02-24T20:38:09 IST" skipped="0">
  <testcase classname="day6.JSONSchemaValidation" name="jsonschemavalidation" time="2.696"/>
  <system-out/>
</testsuite> <!-- day6.JSONSchemaValidation -->
