<?xml version="1.0" encoding="UTF-8"?>
<!-- Generated by org.testng.reporters.JUnitReportReporter -->
<testsuite hostname="DESKTOP-SAQHFHE" failures="0" tests="1" name="day3.TestQueryandPathParam" time="2.968" errors="0" timestamp="2023-02-23T11:44:53 IST" skipped="0">
  <testcase classname="day3.TestQueryandPathParam" name="qpParam" time="2.968"/>
  <system-out/>
</testsuite> <!-- day3.TestQueryandPathParam -->
