<?xml version="1.0" encoding="UTF-8"?>
<!-- Generated by org.testng.reporters.JUnitReportReporter -->
<testsuite hostname="DESKTOP-SAQHFHE" failures="0" tests="1" name="RestAPI.RestAssured.BasicAuth" time="3.790" errors="0" timestamp="2023-02-17T14:38:57 IST" skipped="0">
  <testcase classname="RestAPI.RestAssured.BasicAuth" name="getData" time="3.790"/>
  <system-out/>
</testsuite> <!-- RestAPI.RestAssured.BasicAuth -->
