<?xml version="1.0" encoding="UTF-8"?>
<!-- Generated by org.testng.reporters.JUnitReportReporter -->
<testsuite hostname="DESKTOP-SAQHFHE" failures="0" tests="1" name="day3.Cookies" time="3.144" errors="0" timestamp="2023-02-23T12:12:48 IST" skipped="0">
  <testcase classname="day3.Cookies" name="getCookies" time="3.144"/>
  <system-out/>
</testsuite> <!-- day3.Cookies -->
